#-----------------------------------------------------------
# Vivado v2019.2 (64-bit)
# SW Build 2708876 on Wed Nov  6 21:40:23 MST 2019
# IP Build 2700528 on Thu Nov  7 00:09:20 MST 2019
# Start of session at: Thu May  7 15:30:24 2020
# Process ID: 6056
# Current directory: D:/Verilog/lb_2/tmp/device
# Command line: vivado.exe -gui_launcher_event rodinguilauncherevent14756 D:\Verilog\lb_2\tmp\device\device.xpr
# Log file: D:/Verilog/lb_2/tmp/device/vivado.log
# Journal file: D:/Verilog/lb_2/tmp/device\vivado.jou
#-----------------------------------------------------------
start_gui
open_project D:/Verilog/lb_2/tmp/device/device.xpr
Scanning sources...
Finished scanning sources
INFO: [IP_Flow 19-234] Refreshing IP repositories
INFO: [IP_Flow 19-1704] No user IP repositories specified
INFO: [IP_Flow 19-2313] Loaded Vivado IP repository 'C:/Xilinx/Vivado/2019.2/data/ip'.
open_project: Time (s): cpu = 00:00:19 ; elapsed = 00:00:10 . Memory (MB): peak = 745.742 ; gain = 136.703
update_compile_order -fileset sources_1
launch_simulation
Command: launch_simulation 
INFO: [Vivado 12-5682] Launching behavioral simulation in 'D:/Verilog/lb_2/tmp/device/device.sim/sim_1/behav/xsim'
INFO: [SIM-utils-51] Simulation object is 'sim_1'
INFO: [SIM-utils-54] Inspecting design source files for 'main_tb' in fileset 'sim_1'...
INFO: [USF-XSim-97] Finding global include files...
INFO: [USF-XSim-98] Fetching design files from 'sim_1'...
INFO: [USF-XSim-2] XSim::Compile design
INFO: [USF-XSim-61] Executing 'COMPILE and ANALYZE' step in 'D:/Verilog/lb_2/tmp/device/device.sim/sim_1/behav/xsim'
"xvlog --incr --relax -prj main_tb_vlog.prj"
INFO: [VRFC 10-2263] Analyzing Verilog file "D:/Verilog/lb_2/rtl/count_event.v" into library xil_defaultlib
INFO: [VRFC 10-311] analyzing module count_event
INFO: [VRFC 10-2263] Analyzing Verilog file "D:/Verilog/lb_2/rtl/dff_leds.v" into library xil_defaultlib
INFO: [VRFC 10-311] analyzing module dff_leds
INFO: [VRFC 10-2263] Analyzing Verilog file "D:/Verilog/lb_2/rtl/main_dev.v" into library xil_defaultlib
INFO: [VRFC 10-311] analyzing module main_dev
INFO: [VRFC 10-2263] Analyzing Verilog file "D:/Verilog/lb_2/tb/main_tb.v" into library xil_defaultlib
INFO: [VRFC 10-311] analyzing module main_tb
INFO: [USF-XSim-69] 'compile' step finished in '1' seconds
INFO: [USF-XSim-3] XSim::Elaborate design
INFO: [USF-XSim-61] Executing 'ELABORATE' step in 'D:/Verilog/lb_2/tmp/device/device.sim/sim_1/behav/xsim'
"xelab -wto 9fb0816f98484d6fa3f11ee9646baa17 --incr --debug typical --relax --mt 2 -L xil_defaultlib -L unisims_ver -L unimacro_ver -L secureip --snapshot main_tb_behav xil_defaultlib.main_tb xil_defaultlib.glbl -log elaborate.log"
Vivado Simulator 2019.2
Copyright 1986-1999, 2001-2019 Xilinx, Inc. All Rights Reserved.
Running: C:/Xilinx/Vivado/2019.2/bin/unwrapped/win64.o/xelab.exe -wto 9fb0816f98484d6fa3f11ee9646baa17 --incr --debug typical --relax --mt 2 -L xil_defaultlib -L unisims_ver -L unimacro_ver -L secureip --snapshot main_tb_behav xil_defaultlib.main_tb xil_defaultlib.glbl -log elaborate.log 
Using 2 slave threads.
Starting static elaboration
Pass Through NonSizing Optimizer
ERROR: [VRFC 10-3236] concurrent assignment to a non-net 'q' is not permitted [D:/Verilog/lb_2/rtl/main_dev.v:19]
ERROR: [XSIM 43-3322] Static elaboration of top level Verilog design unit(s) in library work failed.
INFO: [USF-XSim-69] 'elaborate' step finished in '2' seconds
INFO: [USF-XSim-99] Step results log file:'D:/Verilog/lb_2/tmp/device/device.sim/sim_1/behav/xsim/elaborate.log'
ERROR: [USF-XSim-62] 'elaborate' step failed with error(s). Please check the Tcl console output or 'D:/Verilog/lb_2/tmp/device/device.sim/sim_1/behav/xsim/elaborate.log' file for more information.
ERROR: [Vivado 12-4473] Detected error while running simulation. Please correct the issue and retry this operation.
ERROR: [Common 17-39] 'launch_simulation' failed due to earlier errors.
launch_runs synth_1 -jobs 2
[Thu May  7 15:33:37 2020] Launched synth_1...
Run output will be captured here: D:/Verilog/lb_2/tmp/device/device.runs/synth_1/runme.log
launch_simulation
Command: launch_simulation 
INFO: [Vivado 12-5682] Launching behavioral simulation in 'D:/Verilog/lb_2/tmp/device/device.sim/sim_1/behav/xsim'
INFO: [SIM-utils-51] Simulation object is 'sim_1'
INFO: [SIM-utils-54] Inspecting design source files for 'main_tb' in fileset 'sim_1'...
INFO: [USF-XSim-97] Finding global include files...
INFO: [USF-XSim-98] Fetching design files from 'sim_1'...
INFO: [USF-XSim-2] XSim::Compile design
INFO: [USF-XSim-61] Executing 'COMPILE and ANALYZE' step in 'D:/Verilog/lb_2/tmp/device/device.sim/sim_1/behav/xsim'
"xvlog --incr --relax -prj main_tb_vlog.prj"
INFO: [VRFC 10-2263] Analyzing Verilog file "D:/Verilog/lb_2/rtl/count_event.v" into library xil_defaultlib
INFO: [VRFC 10-311] analyzing module count_event
INFO: [VRFC 10-2263] Analyzing Verilog file "D:/Verilog/lb_2/rtl/dff_leds.v" into library xil_defaultlib
INFO: [VRFC 10-311] analyzing module dff_leds
INFO: [VRFC 10-2263] Analyzing Verilog file "D:/Verilog/lb_2/rtl/main_dev.v" into library xil_defaultlib
INFO: [VRFC 10-311] analyzing module main_dev
INFO: [VRFC 10-2263] Analyzing Verilog file "D:/Verilog/lb_2/tb/main_tb.v" into library xil_defaultlib
INFO: [VRFC 10-311] analyzing module main_tb
INFO: [USF-XSim-69] 'compile' step finished in '2' seconds
INFO: [USF-XSim-3] XSim::Elaborate design
INFO: [USF-XSim-61] Executing 'ELABORATE' step in 'D:/Verilog/lb_2/tmp/device/device.sim/sim_1/behav/xsim'
"xelab -wto 9fb0816f98484d6fa3f11ee9646baa17 --incr --debug typical --relax --mt 2 -L xil_defaultlib -L unisims_ver -L unimacro_ver -L secureip --snapshot main_tb_behav xil_defaultlib.main_tb xil_defaultlib.glbl -log elaborate.log"
Vivado Simulator 2019.2
Copyright 1986-1999, 2001-2019 Xilinx, Inc. All Rights Reserved.
Running: C:/Xilinx/Vivado/2019.2/bin/unwrapped/win64.o/xelab.exe -wto 9fb0816f98484d6fa3f11ee9646baa17 --incr --debug typical --relax --mt 2 -L xil_defaultlib -L unisims_ver -L unimacro_ver -L secureip --snapshot main_tb_behav xil_defaultlib.main_tb xil_defaultlib.glbl -log elaborate.log 
Using 2 slave threads.
Starting static elaboration
Pass Through NonSizing Optimizer
Completed static elaboration
Starting simulation data flow analysis
Completed simulation data flow analysis
Time Resolution for simulation is 1ps
Compiling module xil_defaultlib.dff_leds
Compiling module xil_defaultlib.count_event
Compiling module xil_defaultlib.main_dev
Compiling module xil_defaultlib.main_tb
Compiling module xil_defaultlib.glbl
Built simulation snapshot main_tb_behav

****** Webtalk v2019.2 (64-bit)
  **** SW Build 2708876 on Wed Nov  6 21:40:23 MST 2019
  **** IP Build 2700528 on Thu Nov  7 00:09:20 MST 2019
    ** Copyright 1986-2019 Xilinx, Inc. All Rights Reserved.

source D:/Verilog/lb_2/tmp/device/device.sim/sim_1/behav/xsim/xsim.dir/main_tb_behav/webtalk/xsim_webtalk.tcl -notrace
INFO: [Common 17-186] 'D:/Verilog/lb_2/tmp/device/device.sim/sim_1/behav/xsim/xsim.dir/main_tb_behav/webtalk/usage_statistics_ext_xsim.xml' has been successfully sent to Xilinx on Thu May  7 15:42:56 2020. For additional details about this file, please refer to the WebTalk help file at C:/Xilinx/Vivado/2019.2/doc/webtalk_introduction.html.
INFO: [Common 17-206] Exiting Webtalk at Thu May  7 15:42:56 2020...
run_program: Time (s): cpu = 00:00:01 ; elapsed = 00:00:11 . Memory (MB): peak = 777.773 ; gain = 0.000
INFO: [USF-XSim-69] 'elaborate' step finished in '11' seconds
INFO: [USF-XSim-4] XSim::Simulate design
INFO: [USF-XSim-61] Executing 'SIMULATE' step in 'D:/Verilog/lb_2/tmp/device/device.sim/sim_1/behav/xsim'
INFO: [USF-XSim-98] *** Running xsim
   with args "main_tb_behav -key {Behavioral:sim_1:Functional:main_tb} -tclbatch {main_tb.tcl} -log {simulate.log}"
INFO: [USF-XSim-8] Loading simulator feature
Vivado Simulator 2019.2
Time resolution is 1 ps
source main_tb.tcl
# set curr_wave [current_wave_config]
# if { [string length $curr_wave] == 0 } {
#   if { [llength [get_objects]] > 0} {
#     add_wave /
#     set_property needs_save false [current_wave_config]
#   } else {
#      send_msg_id Add_Wave-1 WARNING "No top level signals found. Simulator will start without a wave window. If you want to open a wave window go to 'File->New Waveform Configuration' or type 'create_wave_config' in the TCL console."
#   }
# }
# run 1000ns
xsim: Time (s): cpu = 00:00:09 ; elapsed = 00:00:06 . Memory (MB): peak = 793.266 ; gain = 15.492
INFO: [USF-XSim-96] XSim completed. Design snapshot 'main_tb_behav' loaded.
INFO: [USF-XSim-97] XSim simulation ran for 1000ns
launch_simulation: Time (s): cpu = 00:00:10 ; elapsed = 00:00:21 . Memory (MB): peak = 793.266 ; gain = 15.492
relaunch_sim
suspend_sim: Time (s): cpu = 00:00:01 ; elapsed = 00:00:07 . Memory (MB): peak = 1078.461 ; gain = 0.000
Command: launch_simulation -simset sim_1 -mode behavioral
INFO: [Vivado 12-5682] Launching behavioral simulation in 'D:/Verilog/lb_2/tmp/device/device.sim/sim_1/behav/xsim'
INFO: [SIM-utils-51] Simulation object is 'sim_1'
INFO: [SIM-utils-54] Inspecting design source files for 'main_tb' in fileset 'sim_1'...
INFO: [USF-XSim-97] Finding global include files...
INFO: [USF-XSim-98] Fetching design files from 'sim_1'...
INFO: [USF-XSim-2] XSim::Compile design
INFO: [USF-XSim-61] Executing 'COMPILE and ANALYZE' step in 'D:/Verilog/lb_2/tmp/device/device.sim/sim_1/behav/xsim'
"xvlog --incr --relax -prj main_tb_vlog.prj"
INFO: [VRFC 10-2263] Analyzing Verilog file "D:/Verilog/lb_2/rtl/count_event.v" into library xil_defaultlib
INFO: [VRFC 10-311] analyzing module count_event
INFO: [VRFC 10-2263] Analyzing Verilog file "D:/Verilog/lb_2/rtl/dff_leds.v" into library xil_defaultlib
INFO: [VRFC 10-311] analyzing module dff_leds
INFO: [VRFC 10-2263] Analyzing Verilog file "D:/Verilog/lb_2/rtl/main_dev.v" into library xil_defaultlib
INFO: [VRFC 10-311] analyzing module main_dev
INFO: [VRFC 10-2263] Analyzing Verilog file "D:/Verilog/lb_2/tb/main_tb.v" into library xil_defaultlib
INFO: [VRFC 10-311] analyzing module main_tb
INFO: [USF-XSim-69] 'compile' step finished in '1' seconds
Command: launch_simulation -simset sim_1 -mode behavioral
INFO: [Vivado 12-5682] Launching behavioral simulation in 'D:/Verilog/lb_2/tmp/device/device.sim/sim_1/behav/xsim'
INFO: [USF-XSim-3] XSim::Elaborate design
INFO: [USF-XSim-61] Executing 'ELABORATE' step in 'D:/Verilog/lb_2/tmp/device/device.sim/sim_1/behav/xsim'
"xelab -wto 9fb0816f98484d6fa3f11ee9646baa17 --incr --debug typical --relax --mt 2 -L xil_defaultlib -L unisims_ver -L unimacro_ver -L secureip --snapshot main_tb_behav xil_defaultlib.main_tb xil_defaultlib.glbl -log elaborate.log"
Vivado Simulator 2019.2
Copyright 1986-1999, 2001-2019 Xilinx, Inc. All Rights Reserved.
Running: C:/Xilinx/Vivado/2019.2/bin/unwrapped/win64.o/xelab.exe -wto 9fb0816f98484d6fa3f11ee9646baa17 --incr --debug typical --relax --mt 2 -L xil_defaultlib -L unisims_ver -L unimacro_ver -L secureip --snapshot main_tb_behav xil_defaultlib.main_tb xil_defaultlib.glbl -log elaborate.log 
Using 2 slave threads.
Starting static elaboration
Pass Through NonSizing Optimizer
Completed static elaboration
Starting simulation data flow analysis
Completed simulation data flow analysis
Time Resolution for simulation is 1ps
Compiling module xil_defaultlib.dff_leds
Compiling module xil_defaultlib.count_event
Compiling module xil_defaultlib.main_dev
Compiling module xil_defaultlib.main_tb
Compiling module xil_defaultlib.glbl
Built simulation snapshot main_tb_behav
INFO: [USF-XSim-69] 'elaborate' step finished in '2' seconds
Vivado Simulator 2019.2
Time resolution is 1 ps
relaunch_sim: Time (s): cpu = 00:00:02 ; elapsed = 00:00:14 . Memory (MB): peak = 1078.461 ; gain = 0.000
relaunch_sim
Command: launch_simulation -simset sim_1 -mode behavioral
INFO: [Vivado 12-5682] Launching behavioral simulation in 'D:/Verilog/lb_2/tmp/device/device.sim/sim_1/behav/xsim'
INFO: [SIM-utils-51] Simulation object is 'sim_1'
INFO: [SIM-utils-54] Inspecting design source files for 'main_tb' in fileset 'sim_1'...
INFO: [USF-XSim-97] Finding global include files...
INFO: [USF-XSim-98] Fetching design files from 'sim_1'...
INFO: [USF-XSim-2] XSim::Compile design
INFO: [USF-XSim-61] Executing 'COMPILE and ANALYZE' step in 'D:/Verilog/lb_2/tmp/device/device.sim/sim_1/behav/xsim'
"xvlog --incr --relax -prj main_tb_vlog.prj"
INFO: [VRFC 10-2263] Analyzing Verilog file "D:/Verilog/lb_2/rtl/count_event.v" into library xil_defaultlib
INFO: [VRFC 10-311] analyzing module count_event
INFO: [VRFC 10-2263] Analyzing Verilog file "D:/Verilog/lb_2/rtl/dff_leds.v" into library xil_defaultlib
INFO: [VRFC 10-311] analyzing module dff_leds
INFO: [VRFC 10-2263] Analyzing Verilog file "D:/Verilog/lb_2/rtl/main_dev.v" into library xil_defaultlib
INFO: [VRFC 10-311] analyzing module main_dev
INFO: [VRFC 10-2263] Analyzing Verilog file "D:/Verilog/lb_2/tb/main_tb.v" into library xil_defaultlib
INFO: [VRFC 10-311] analyzing module main_tb
INFO: [USF-XSim-69] 'compile' step finished in '1' seconds
Command: launch_simulation -simset sim_1 -mode behavioral
INFO: [Vivado 12-5682] Launching behavioral simulation in 'D:/Verilog/lb_2/tmp/device/device.sim/sim_1/behav/xsim'
INFO: [USF-XSim-3] XSim::Elaborate design
INFO: [USF-XSim-61] Executing 'ELABORATE' step in 'D:/Verilog/lb_2/tmp/device/device.sim/sim_1/behav/xsim'
"xelab -wto 9fb0816f98484d6fa3f11ee9646baa17 --incr --debug typical --relax --mt 2 -L xil_defaultlib -L unisims_ver -L unimacro_ver -L secureip --snapshot main_tb_behav xil_defaultlib.main_tb xil_defaultlib.glbl -log elaborate.log"
Vivado Simulator 2019.2
Copyright 1986-1999, 2001-2019 Xilinx, Inc. All Rights Reserved.
Running: C:/Xilinx/Vivado/2019.2/bin/unwrapped/win64.o/xelab.exe -wto 9fb0816f98484d6fa3f11ee9646baa17 --incr --debug typical --relax --mt 2 -L xil_defaultlib -L unisims_ver -L unimacro_ver -L secureip --snapshot main_tb_behav xil_defaultlib.main_tb xil_defaultlib.glbl -log elaborate.log 
Using 2 slave threads.
Starting static elaboration
Pass Through NonSizing Optimizer
Completed static elaboration
Starting simulation data flow analysis
Completed simulation data flow analysis
Time Resolution for simulation is 1ps
Compiling module xil_defaultlib.dff_leds
Compiling module xil_defaultlib.count_event
Compiling module xil_defaultlib.main_dev
Compiling module xil_defaultlib.main_tb
Compiling module xil_defaultlib.glbl
Built simulation snapshot main_tb_behav
INFO: [USF-XSim-69] 'elaborate' step finished in '2' seconds
Vivado Simulator 2019.2
Time resolution is 1 ps
relaunch_sim: Time (s): cpu = 00:00:00 ; elapsed = 00:00:08 . Memory (MB): peak = 1078.461 ; gain = 0.000
relaunch_sim
Command: launch_simulation -simset sim_1 -mode behavioral
INFO: [Vivado 12-5682] Launching behavioral simulation in 'D:/Verilog/lb_2/tmp/device/device.sim/sim_1/behav/xsim'
INFO: [SIM-utils-51] Simulation object is 'sim_1'
INFO: [SIM-utils-54] Inspecting design source files for 'main_tb' in fileset 'sim_1'...
INFO: [USF-XSim-97] Finding global include files...
INFO: [USF-XSim-98] Fetching design files from 'sim_1'...
INFO: [USF-XSim-2] XSim::Compile design
INFO: [USF-XSim-61] Executing 'COMPILE and ANALYZE' step in 'D:/Verilog/lb_2/tmp/device/device.sim/sim_1/behav/xsim'
"xvlog --incr --relax -prj main_tb_vlog.prj"
INFO: [VRFC 10-2263] Analyzing Verilog file "D:/Verilog/lb_2/rtl/count_event.v" into library xil_defaultlib
INFO: [VRFC 10-311] analyzing module count_event
INFO: [VRFC 10-2263] Analyzing Verilog file "D:/Verilog/lb_2/rtl/dff_leds.v" into library xil_defaultlib
INFO: [VRFC 10-311] analyzing module dff_leds
INFO: [VRFC 10-2263] Analyzing Verilog file "D:/Verilog/lb_2/rtl/main_dev.v" into library xil_defaultlib
INFO: [VRFC 10-311] analyzing module main_dev
INFO: [VRFC 10-2263] Analyzing Verilog file "D:/Verilog/lb_2/tb/main_tb.v" into library xil_defaultlib
INFO: [VRFC 10-311] analyzing module main_tb
INFO: [USF-XSim-69] 'compile' step finished in '1' seconds
Command: launch_simulation -simset sim_1 -mode behavioral
INFO: [Vivado 12-5682] Launching behavioral simulation in 'D:/Verilog/lb_2/tmp/device/device.sim/sim_1/behav/xsim'
INFO: [USF-XSim-3] XSim::Elaborate design
INFO: [USF-XSim-61] Executing 'ELABORATE' step in 'D:/Verilog/lb_2/tmp/device/device.sim/sim_1/behav/xsim'
"xelab -wto 9fb0816f98484d6fa3f11ee9646baa17 --incr --debug typical --relax --mt 2 -L xil_defaultlib -L unisims_ver -L unimacro_ver -L secureip --snapshot main_tb_behav xil_defaultlib.main_tb xil_defaultlib.glbl -log elaborate.log"
Vivado Simulator 2019.2
Copyright 1986-1999, 2001-2019 Xilinx, Inc. All Rights Reserved.
Running: C:/Xilinx/Vivado/2019.2/bin/unwrapped/win64.o/xelab.exe -wto 9fb0816f98484d6fa3f11ee9646baa17 --incr --debug typical --relax --mt 2 -L xil_defaultlib -L unisims_ver -L unimacro_ver -L secureip --snapshot main_tb_behav xil_defaultlib.main_tb xil_defaultlib.glbl -log elaborate.log 
Using 2 slave threads.
Starting static elaboration
Pass Through NonSizing Optimizer
Completed static elaboration
Starting simulation data flow analysis
Completed simulation data flow analysis
Time Resolution for simulation is 1ps
Compiling module xil_defaultlib.dff_leds
Compiling module xil_defaultlib.count_event
Compiling module xil_defaultlib.main_dev
Compiling module xil_defaultlib.main_tb
Compiling module xil_defaultlib.glbl
Built simulation snapshot main_tb_behav
INFO: [USF-XSim-69] 'elaborate' step finished in '2' seconds
Vivado Simulator 2019.2
Time resolution is 1 ps
relaunch_sim: Time (s): cpu = 00:00:01 ; elapsed = 00:00:08 . Memory (MB): peak = 1078.461 ; gain = 0.000
close_sim
INFO: [Simtcl 6-16] Simulation closed
launch_simulation
Command: launch_simulation 
INFO: [Vivado 12-5682] Launching behavioral simulation in 'D:/Verilog/lb_2/tmp/device/device.sim/sim_1/behav/xsim'
INFO: [SIM-utils-51] Simulation object is 'sim_1'
INFO: [SIM-utils-54] Inspecting design source files for 'main_tb' in fileset 'sim_1'...
INFO: [USF-XSim-97] Finding global include files...
INFO: [USF-XSim-98] Fetching design files from 'sim_1'...
INFO: [USF-XSim-2] XSim::Compile design
INFO: [USF-XSim-61] Executing 'COMPILE and ANALYZE' step in 'D:/Verilog/lb_2/tmp/device/device.sim/sim_1/behav/xsim'
"xvlog --incr --relax -prj main_tb_vlog.prj"
INFO: [VRFC 10-2263] Analyzing Verilog file "D:/Verilog/lb_2/rtl/count_event.v" into library xil_defaultlib
INFO: [VRFC 10-311] analyzing module count_event
INFO: [VRFC 10-2263] Analyzing Verilog file "D:/Verilog/lb_2/rtl/dff_leds.v" into library xil_defaultlib
INFO: [VRFC 10-311] analyzing module dff_leds
INFO: [VRFC 10-2263] Analyzing Verilog file "D:/Verilog/lb_2/rtl/main_dev.v" into library xil_defaultlib
INFO: [VRFC 10-311] analyzing module main_dev
INFO: [VRFC 10-2263] Analyzing Verilog file "D:/Verilog/lb_2/tb/main_tb.v" into library xil_defaultlib
INFO: [VRFC 10-311] analyzing module main_tb
INFO: [USF-XSim-69] 'compile' step finished in '1' seconds
INFO: [USF-XSim-3] XSim::Elaborate design
INFO: [USF-XSim-61] Executing 'ELABORATE' step in 'D:/Verilog/lb_2/tmp/device/device.sim/sim_1/behav/xsim'
"xelab -wto 9fb0816f98484d6fa3f11ee9646baa17 --incr --debug typical --relax --mt 2 -L xil_defaultlib -L unisims_ver -L unimacro_ver -L secureip --snapshot main_tb_behav xil_defaultlib.main_tb xil_defaultlib.glbl -log elaborate.log"
Vivado Simulator 2019.2
Copyright 1986-1999, 2001-2019 Xilinx, Inc. All Rights Reserved.
Running: C:/Xilinx/Vivado/2019.2/bin/unwrapped/win64.o/xelab.exe -wto 9fb0816f98484d6fa3f11ee9646baa17 --incr --debug typical --relax --mt 2 -L xil_defaultlib -L unisims_ver -L unimacro_ver -L secureip --snapshot main_tb_behav xil_defaultlib.main_tb xil_defaultlib.glbl -log elaborate.log 
Using 2 slave threads.
Starting static elaboration
Pass Through NonSizing Optimizer
Completed static elaboration
Starting simulation data flow analysis
Completed simulation data flow analysis
Time Resolution for simulation is 1ps
Compiling module xil_defaultlib.dff_leds
Compiling module xil_defaultlib.count_event
Compiling module xil_defaultlib.main_dev
Compiling module xil_defaultlib.main_tb
Compiling module xil_defaultlib.glbl
Built simulation snapshot main_tb_behav
INFO: [USF-XSim-69] 'elaborate' step finished in '2' seconds
INFO: [USF-XSim-4] XSim::Simulate design
INFO: [USF-XSim-61] Executing 'SIMULATE' step in 'D:/Verilog/lb_2/tmp/device/device.sim/sim_1/behav/xsim'
INFO: [USF-XSim-98] *** Running xsim
   with args "main_tb_behav -key {Behavioral:sim_1:Functional:main_tb} -tclbatch {main_tb.tcl} -log {simulate.log}"
INFO: [USF-XSim-8] Loading simulator feature
Vivado Simulator 2019.2
Time resolution is 1 ps
source main_tb.tcl
# set curr_wave [current_wave_config]
# if { [string length $curr_wave] == 0 } {
#   if { [llength [get_objects]] > 0} {
#     add_wave /
#     set_property needs_save false [current_wave_config]
#   } else {
#      send_msg_id Add_Wave-1 WARNING "No top level signals found. Simulator will start without a wave window. If you want to open a wave window go to 'File->New Waveform Configuration' or type 'create_wave_config' in the TCL console."
#   }
# }
# run 1000ns
INFO: [USF-XSim-96] XSim completed. Design snapshot 'main_tb_behav' loaded.
INFO: [USF-XSim-97] XSim simulation ran for 1000ns
launch_simulation: Time (s): cpu = 00:00:04 ; elapsed = 00:00:06 . Memory (MB): peak = 1078.461 ; gain = 0.000
close_sim
INFO: [Simtcl 6-16] Simulation closed
launch_simulation
Command: launch_simulation 
INFO: [Vivado 12-5682] Launching behavioral simulation in 'D:/Verilog/lb_2/tmp/device/device.sim/sim_1/behav/xsim'
INFO: [SIM-utils-51] Simulation object is 'sim_1'
INFO: [SIM-utils-54] Inspecting design source files for 'main_tb' in fileset 'sim_1'...
INFO: [USF-XSim-97] Finding global include files...
INFO: [USF-XSim-98] Fetching design files from 'sim_1'...
INFO: [USF-XSim-2] XSim::Compile design
INFO: [USF-XSim-61] Executing 'COMPILE and ANALYZE' step in 'D:/Verilog/lb_2/tmp/device/device.sim/sim_1/behav/xsim'
"xvlog --incr --relax -prj main_tb_vlog.prj"
INFO: [VRFC 10-2263] Analyzing Verilog file "D:/Verilog/lb_2/rtl/count_event.v" into library xil_defaultlib
INFO: [VRFC 10-311] analyzing module count_event
INFO: [VRFC 10-2263] Analyzing Verilog file "D:/Verilog/lb_2/rtl/dff_leds.v" into library xil_defaultlib
INFO: [VRFC 10-311] analyzing module dff_leds
INFO: [VRFC 10-2263] Analyzing Verilog file "D:/Verilog/lb_2/rtl/main_dev.v" into library xil_defaultlib
INFO: [VRFC 10-311] analyzing module main_dev
INFO: [VRFC 10-2263] Analyzing Verilog file "D:/Verilog/lb_2/tb/main_tb.v" into library xil_defaultlib
INFO: [VRFC 10-311] analyzing module main_tb
INFO: [USF-XSim-69] 'compile' step finished in '1' seconds
INFO: [USF-XSim-3] XSim::Elaborate design
INFO: [USF-XSim-61] Executing 'ELABORATE' step in 'D:/Verilog/lb_2/tmp/device/device.sim/sim_1/behav/xsim'
"xelab -wto 9fb0816f98484d6fa3f11ee9646baa17 --incr --debug typical --relax --mt 2 -L xil_defaultlib -L unisims_ver -L unimacro_ver -L secureip --snapshot main_tb_behav xil_defaultlib.main_tb xil_defaultlib.glbl -log elaborate.log"
Vivado Simulator 2019.2
Copyright 1986-1999, 2001-2019 Xilinx, Inc. All Rights Reserved.
Running: C:/Xilinx/Vivado/2019.2/bin/unwrapped/win64.o/xelab.exe -wto 9fb0816f98484d6fa3f11ee9646baa17 --incr --debug typical --relax --mt 2 -L xil_defaultlib -L unisims_ver -L unimacro_ver -L secureip --snapshot main_tb_behav xil_defaultlib.main_tb xil_defaultlib.glbl -log elaborate.log 
Using 2 slave threads.
Starting static elaboration
Pass Through NonSizing Optimizer
Completed static elaboration
Starting simulation data flow analysis
Completed simulation data flow analysis
Time Resolution for simulation is 1ps
Compiling module xil_defaultlib.dff_leds
Compiling module xil_defaultlib.count_event
Compiling module xil_defaultlib.main_dev
Compiling module xil_defaultlib.main_tb
Compiling module xil_defaultlib.glbl
Built simulation snapshot main_tb_behav
INFO: [USF-XSim-69] 'elaborate' step finished in '2' seconds
INFO: [USF-XSim-4] XSim::Simulate design
INFO: [USF-XSim-61] Executing 'SIMULATE' step in 'D:/Verilog/lb_2/tmp/device/device.sim/sim_1/behav/xsim'
INFO: [USF-XSim-98] *** Running xsim
   with args "main_tb_behav -key {Behavioral:sim_1:Functional:main_tb} -tclbatch {main_tb.tcl} -log {simulate.log}"
INFO: [USF-XSim-8] Loading simulator feature
Vivado Simulator 2019.2
Time resolution is 1 ps
source main_tb.tcl
# set curr_wave [current_wave_config]
# if { [string length $curr_wave] == 0 } {
#   if { [llength [get_objects]] > 0} {
#     add_wave /
#     set_property needs_save false [current_wave_config]
#   } else {
#      send_msg_id Add_Wave-1 WARNING "No top level signals found. Simulator will start without a wave window. If you want to open a wave window go to 'File->New Waveform Configuration' or type 'create_wave_config' in the TCL console."
#   }
# }
# run 1000ns
INFO: [USF-XSim-96] XSim completed. Design snapshot 'main_tb_behav' loaded.
INFO: [USF-XSim-97] XSim simulation ran for 1000ns
launch_simulation: Time (s): cpu = 00:00:04 ; elapsed = 00:00:06 . Memory (MB): peak = 1078.461 ; gain = 0.000
reset_run synth_1
WARNING: [Vivado 12-1017] Problems encountered:
1. Failed to delete one or more files in run directory D:/Verilog/lb_2/tmp/device/device.runs/synth_1

launch_runs synth_1 -jobs 2
[Thu May  7 16:18:30 2020] Launched synth_1...
Run output will be captured here: D:/Verilog/lb_2/tmp/device/device.runs/synth_1/runme.log
launch_runs impl_1 -jobs 2
[Thu May  7 16:28:24 2020] Launched impl_1...
Run output will be captured here: D:/Verilog/lb_2/tmp/device/device.runs/impl_1/runme.log
close_sim
INFO: [Simtcl 6-16] Simulation closed
launch_simulation
Command: launch_simulation 
INFO: [Vivado 12-5682] Launching behavioral simulation in 'D:/Verilog/lb_2/tmp/device/device.sim/sim_1/behav/xsim'
INFO: [SIM-utils-51] Simulation object is 'sim_1'
INFO: [SIM-utils-54] Inspecting design source files for 'main_tb' in fileset 'sim_1'...
INFO: [USF-XSim-97] Finding global include files...
INFO: [USF-XSim-98] Fetching design files from 'sim_1'...
INFO: [USF-XSim-2] XSim::Compile design
INFO: [USF-XSim-61] Executing 'COMPILE and ANALYZE' step in 'D:/Verilog/lb_2/tmp/device/device.sim/sim_1/behav/xsim'
"xvlog --incr --relax -prj main_tb_vlog.prj"
INFO: [USF-XSim-69] 'compile' step finished in '1' seconds
INFO: [USF-XSim-3] XSim::Elaborate design
INFO: [USF-XSim-61] Executing 'ELABORATE' step in 'D:/Verilog/lb_2/tmp/device/device.sim/sim_1/behav/xsim'
"xelab -wto 9fb0816f98484d6fa3f11ee9646baa17 --incr --debug typical --relax --mt 2 -L xil_defaultlib -L unisims_ver -L unimacro_ver -L secureip --snapshot main_tb_behav xil_defaultlib.main_tb xil_defaultlib.glbl -log elaborate.log"
Vivado Simulator 2019.2
Copyright 1986-1999, 2001-2019 Xilinx, Inc. All Rights Reserved.
Running: C:/Xilinx/Vivado/2019.2/bin/unwrapped/win64.o/xelab.exe -wto 9fb0816f98484d6fa3f11ee9646baa17 --incr --debug typical --relax --mt 2 -L xil_defaultlib -L unisims_ver -L unimacro_ver -L secureip --snapshot main_tb_behav xil_defaultlib.main_tb xil_defaultlib.glbl -log elaborate.log 
Using 2 slave threads.
Starting static elaboration
Pass Through NonSizing Optimizer
Completed static elaboration
INFO: [XSIM 43-4323] No Change in HDL. Linking previously generated obj files to create kernel
INFO: [USF-XSim-69] 'elaborate' step finished in '1' seconds
INFO: [USF-XSim-4] XSim::Simulate design
INFO: [USF-XSim-61] Executing 'SIMULATE' step in 'D:/Verilog/lb_2/tmp/device/device.sim/sim_1/behav/xsim'
INFO: [USF-XSim-98] *** Running xsim
   with args "main_tb_behav -key {Behavioral:sim_1:Functional:main_tb} -tclbatch {main_tb.tcl} -log {simulate.log}"
INFO: [USF-XSim-8] Loading simulator feature
Vivado Simulator 2019.2
Time resolution is 1 ps
source main_tb.tcl
# set curr_wave [current_wave_config]
# if { [string length $curr_wave] == 0 } {
#   if { [llength [get_objects]] > 0} {
#     add_wave /
#     set_property needs_save false [current_wave_config]
#   } else {
#      send_msg_id Add_Wave-1 WARNING "No top level signals found. Simulator will start without a wave window. If you want to open a wave window go to 'File->New Waveform Configuration' or type 'create_wave_config' in the TCL console."
#   }
# }
# run 1000ns
INFO: [USF-XSim-96] XSim completed. Design snapshot 'main_tb_behav' loaded.
INFO: [USF-XSim-97] XSim simulation ran for 1000ns
launch_simulation: Time (s): cpu = 00:00:04 ; elapsed = 00:00:06 . Memory (MB): peak = 1078.461 ; gain = 0.000
launch_simulation -mode post-synthesis -type functional
Command: launch_simulation -mode post-synthesis -type functional
INFO: [Vivado 12-5682] Launching post-synthesis functional simulation in 'D:/Verilog/lb_2/tmp/device/device.sim/sim_1/synth/func/xsim'
INFO: [SIM-utils-51] Simulation object is 'sim_1'
Design is defaulting to impl run constrset: constrs_1
Design is defaulting to synth run part: xc7a100tcsg324-1
INFO: [Device 21-403] Loading part xc7a100tcsg324-1
Netlist sorting complete. Time (s): cpu = 00:00:00 ; elapsed = 00:00:00 . Memory (MB): peak = 1168.813 ; gain = 0.000
INFO: [Project 1-479] Netlist was created with Vivado 2019.2
INFO: [Project 1-570] Preparing netlist for logic optimization
INFO: [Opt 31-138] Pushed 0 inverter(s) to 0 load pin(s).
Netlist sorting complete. Time (s): cpu = 00:00:00 ; elapsed = 00:00:00 . Memory (MB): peak = 1249.313 ; gain = 0.000
INFO: [Project 1-111] Unisim Transformation Summary:
No Unisim elements were transformed.

open_run: Time (s): cpu = 00:00:14 ; elapsed = 00:00:12 . Memory (MB): peak = 1357.016 ; gain = 278.555
INFO: [SIM-utils-24] Writing simulation netlist file for design 'synth_1'...
INFO: [SIM-utils-25] write_verilog -mode funcsim -nolib -force -file "D:/Verilog/lb_2/tmp/device/device.sim/sim_1/synth/func/xsim/main_tb_func_synth.v"
INFO: [SIM-utils-36] Netlist generated:D:/Verilog/lb_2/tmp/device/device.sim/sim_1/synth/func/xsim/main_tb_func_synth.v
INFO: [SIM-utils-54] Inspecting design source files for 'main_tb' in fileset 'sim_1'...
INFO: [USF-XSim-2] XSim::Compile design
INFO: [USF-XSim-61] Executing 'COMPILE and ANALYZE' step in 'D:/Verilog/lb_2/tmp/device/device.sim/sim_1/synth/func/xsim'
"xvlog --incr --relax -prj main_tb_vlog.prj"
INFO: [VRFC 10-2263] Analyzing Verilog file "D:/Verilog/lb_2/tmp/device/device.sim/sim_1/synth/func/xsim/main_tb_func_synth.v" into library xil_defaultlib
INFO: [VRFC 10-311] analyzing module dff_leds
INFO: [VRFC 10-311] analyzing module main_dev
INFO: [VRFC 10-311] analyzing module glbl
INFO: [VRFC 10-2263] Analyzing Verilog file "D:/Verilog/lb_2/tb/main_tb.v" into library xil_defaultlib
INFO: [VRFC 10-311] analyzing module main_tb
INFO: [USF-XSim-69] 'compile' step finished in '1' seconds
INFO: [USF-XSim-3] XSim::Elaborate design
INFO: [USF-XSim-61] Executing 'ELABORATE' step in 'D:/Verilog/lb_2/tmp/device/device.sim/sim_1/synth/func/xsim'
"xelab -wto 9fb0816f98484d6fa3f11ee9646baa17 --incr --debug typical --relax --mt 2 -L xil_defaultlib -L unisims_ver -L secureip --snapshot main_tb_func_synth xil_defaultlib.main_tb xil_defaultlib.glbl -log elaborate.log"
Vivado Simulator 2019.2
Copyright 1986-1999, 2001-2019 Xilinx, Inc. All Rights Reserved.
Running: C:/Xilinx/Vivado/2019.2/bin/unwrapped/win64.o/xelab.exe -wto 9fb0816f98484d6fa3f11ee9646baa17 --incr --debug typical --relax --mt 2 -L xil_defaultlib -L unisims_ver -L secureip --snapshot main_tb_func_synth xil_defaultlib.main_tb xil_defaultlib.glbl -log elaborate.log 
Using 2 slave threads.
Starting static elaboration
Pass Through NonSizing Optimizer
Completed static elaboration
Starting simulation data flow analysis
Completed simulation data flow analysis
Time Resolution for simulation is 1ps
Compiling module unisims_ver.BUFG
Compiling module unisims_ver.IBUF
Compiling module unisims_ver.OBUF
Compiling module unisims_ver.FDSE_default
Compiling module unisims_ver.FDRE_default
Compiling module unisims_ver.FDCE_default
Compiling module xil_defaultlib.dff_leds
Compiling module xil_defaultlib.main_dev
Compiling module xil_defaultlib.main_tb
Compiling module xil_defaultlib.glbl
Built simulation snapshot main_tb_func_synth

****** Webtalk v2019.2 (64-bit)
  **** SW Build 2708876 on Wed Nov  6 21:40:23 MST 2019
  **** IP Build 2700528 on Thu Nov  7 00:09:20 MST 2019
    ** Copyright 1986-2019 Xilinx, Inc. All Rights Reserved.

source D:/Verilog/lb_2/tmp/device/device.sim/sim_1/synth/func/xsim/xsim.dir/main_tb_func_synth/webtalk/xsim_webtalk.tcl -notrace
INFO: [Common 17-186] 'D:/Verilog/lb_2/tmp/device/device.sim/sim_1/synth/func/xsim/xsim.dir/main_tb_func_synth/webtalk/usage_statistics_ext_xsim.xml' has been successfully sent to Xilinx on Thu May  7 16:30:06 2020. For additional details about this file, please refer to the WebTalk help file at C:/Xilinx/Vivado/2019.2/doc/webtalk_introduction.html.
INFO: [Common 17-206] Exiting Webtalk at Thu May  7 16:30:06 2020...
run_program: Time (s): cpu = 00:00:07 ; elapsed = 00:00:08 . Memory (MB): peak = 1435.207 ; gain = 58.234
INFO: [USF-XSim-69] 'elaborate' step finished in '8' seconds
INFO: [USF-XSim-4] XSim::Simulate design
INFO: [USF-XSim-61] Executing 'SIMULATE' step in 'D:/Verilog/lb_2/tmp/device/device.sim/sim_1/synth/func/xsim'
INFO: [USF-XSim-98] *** Running xsim
   with args "main_tb_func_synth -key {Post-Synthesis:sim_1:Functional:main_tb} -tclbatch {main_tb.tcl} -log {simulate.log}"
INFO: [USF-XSim-8] Loading simulator feature
Vivado Simulator 2019.2
Time resolution is 1 ps
source main_tb.tcl
# set curr_wave [current_wave_config]
# if { [string length $curr_wave] == 0 } {
#   if { [llength [get_objects]] > 0} {
#     add_wave /
#     set_property needs_save false [current_wave_config]
#   } else {
#      send_msg_id Add_Wave-1 WARNING "No top level signals found. Simulator will start without a wave window. If you want to open a wave window go to 'File->New Waveform Configuration' or type 'create_wave_config' in the TCL console."
#   }
# }
# run 1000ns
INFO: [USF-XSim-96] XSim completed. Design snapshot 'main_tb_func_synth' loaded.
INFO: [USF-XSim-97] XSim simulation ran for 1000ns
launch_simulation: Time (s): cpu = 00:00:36 ; elapsed = 00:00:27 . Memory (MB): peak = 1896.281 ; gain = 817.820
launch_simulation -mode post-synthesis -type timing
Command: launch_simulation -mode post-synthesis -type timing
INFO: [Vivado 12-5682] Launching post-synthesis timing simulation in 'D:/Verilog/lb_2/tmp/device/device.sim/sim_1/synth/timing/xsim'
INFO: [SIM-utils-51] Simulation object is 'sim_1'
INFO: [SIM-utils-24] Writing simulation netlist file for design 'synth_1'...
INFO: [SIM-utils-25] write_verilog -mode timesim -nolib -sdf_anno true -force -file "D:/Verilog/lb_2/tmp/device/device.sim/sim_1/synth/timing/xsim/main_tb_time_synth.v"
INFO: [SIM-utils-27] Writing SDF file...
INFO: [SIM-utils-28] write_sdf -mode timesim -process_corner slow -force -file "D:/Verilog/lb_2/tmp/device/device.sim/sim_1/synth/timing/xsim/main_tb_time_synth.sdf"
INFO: [SIM-utils-36] Netlist generated:D:/Verilog/lb_2/tmp/device/device.sim/sim_1/synth/timing/xsim/main_tb_time_synth.v
INFO: [SIM-utils-37] SDF generated:D:/Verilog/lb_2/tmp/device/device.sim/sim_1/synth/timing/xsim/main_tb_time_synth.sdf
INFO: [SIM-utils-54] Inspecting design source files for 'main_tb' in fileset 'sim_1'...
INFO: [USF-XSim-2] XSim::Compile design
INFO: [USF-XSim-61] Executing 'COMPILE and ANALYZE' step in 'D:/Verilog/lb_2/tmp/device/device.sim/sim_1/synth/timing/xsim'
"xvlog --incr --relax -prj main_tb_vlog.prj"
INFO: [VRFC 10-2263] Analyzing Verilog file "D:/Verilog/lb_2/tmp/device/device.sim/sim_1/synth/timing/xsim/main_tb_time_synth.v" into library xil_defaultlib
INFO: [VRFC 10-311] analyzing module dff_leds
INFO: [VRFC 10-311] analyzing module main_dev
INFO: [VRFC 10-311] analyzing module glbl
INFO: [VRFC 10-2263] Analyzing Verilog file "D:/Verilog/lb_2/tb/main_tb.v" into library xil_defaultlib
INFO: [VRFC 10-311] analyzing module main_tb
INFO: [USF-XSim-69] 'compile' step finished in '2' seconds
INFO: [USF-XSim-3] XSim::Elaborate design
INFO: [USF-XSim-61] Executing 'ELABORATE' step in 'D:/Verilog/lb_2/tmp/device/device.sim/sim_1/synth/timing/xsim'
"xelab -wto 9fb0816f98484d6fa3f11ee9646baa17 --incr --debug typical --relax --mt 2 --maxdelay -L xil_defaultlib -L simprims_ver -L secureip --snapshot main_tb_time_synth -transport_int_delays -pulse_r 0 -pulse_int_r 0 -pulse_e 0 -pulse_int_e 0 xil_defaultlib.main_tb xil_defaultlib.glbl -log elaborate.log"
Vivado Simulator 2019.2
Copyright 1986-1999, 2001-2019 Xilinx, Inc. All Rights Reserved.
Running: C:/Xilinx/Vivado/2019.2/bin/unwrapped/win64.o/xelab.exe -wto 9fb0816f98484d6fa3f11ee9646baa17 --incr --debug typical --relax --mt 2 --maxdelay -L xil_defaultlib -L simprims_ver -L secureip --snapshot main_tb_time_synth -transport_int_delays -pulse_r 0 -pulse_int_r 0 -pulse_e 0 -pulse_int_e 0 xil_defaultlib.main_tb xil_defaultlib.glbl -log elaborate.log 
Using 2 slave threads.
Starting static elaboration
Pass Through NonSizing Optimizer
Completed static elaboration
Starting simulation data flow analysis
Completed simulation data flow analysis
INFO: [XSIM 43-3451] SDF backannotation process started with SDF file "main_tb_time_synth.sdf", for root module "main_tb/DUT".
INFO: [XSIM 43-3452] SDF backannotation was successful for SDF file "main_tb_time_synth.sdf", for root module "main_tb/DUT".
Time Resolution for simulation is 1ps
Compiling module simprims_ver.BUFG
Compiling module simprims_ver.IBUF
Compiling module simprims_ver.OBUF
Compiling module simprims_ver.FDSE_default
Compiling module simprims_ver.FDRE_default
Compiling module simprims_ver.FDCE_default
Compiling module xil_defaultlib.dff_leds
Compiling module xil_defaultlib.main_dev
Compiling module xil_defaultlib.main_tb
Compiling module xil_defaultlib.glbl
Built simulation snapshot main_tb_time_synth

****** Webtalk v2019.2 (64-bit)
  **** SW Build 2708876 on Wed Nov  6 21:40:23 MST 2019
  **** IP Build 2700528 on Thu Nov  7 00:09:20 MST 2019
    ** Copyright 1986-2019 Xilinx, Inc. All Rights Reserved.

source D:/Verilog/lb_2/tmp/device/device.sim/sim_1/synth/timing/xsim/xsim.dir/main_tb_time_synth/webtalk/xsim_webtalk.tcl -notrace
INFO: [Common 17-186] 'D:/Verilog/lb_2/tmp/device/device.sim/sim_1/synth/timing/xsim/xsim.dir/main_tb_time_synth/webtalk/usage_statistics_ext_xsim.xml' has been successfully sent to Xilinx on Thu May  7 16:31:13 2020. For additional details about this file, please refer to the WebTalk help file at C:/Xilinx/Vivado/2019.2/doc/webtalk_introduction.html.
INFO: [Common 17-206] Exiting Webtalk at Thu May  7 16:31:13 2020...
run_program: Time (s): cpu = 00:00:00 ; elapsed = 00:00:08 . Memory (MB): peak = 1918.906 ; gain = 0.000
INFO: [USF-XSim-69] 'elaborate' step finished in '8' seconds
INFO: [USF-XSim-4] XSim::Simulate design
INFO: [USF-XSim-61] Executing 'SIMULATE' step in 'D:/Verilog/lb_2/tmp/device/device.sim/sim_1/synth/timing/xsim'
INFO: [USF-XSim-98] *** Running xsim
   with args "main_tb_time_synth -key {Post-Synthesis:sim_1:Timing:main_tb} -tclbatch {main_tb.tcl} -log {simulate.log}"
INFO: [USF-XSim-8] Loading simulator feature
Vivado Simulator 2019.2
Time resolution is 1 ps
source main_tb.tcl
# set curr_wave [current_wave_config]
# if { [string length $curr_wave] == 0 } {
#   if { [llength [get_objects]] > 0} {
#     add_wave /
#     set_property needs_save false [current_wave_config]
#   } else {
#      send_msg_id Add_Wave-1 WARNING "No top level signals found. Simulator will start without a wave window. If you want to open a wave window go to 'File->New Waveform Configuration' or type 'create_wave_config' in the TCL console."
#   }
# }
# run 1000ns
INFO: [USF-XSim-96] XSim completed. Design snapshot 'main_tb_time_synth' loaded.
INFO: [USF-XSim-97] XSim simulation ran for 1000ns
launch_simulation: Time (s): cpu = 00:00:03 ; elapsed = 00:00:13 . Memory (MB): peak = 1918.906 ; gain = 21.730
current_sim simulation_4
close_sim
INFO: [Simtcl 6-16] Simulation closed
launch_simulation
Command: launch_simulation 
boost::filesystem::remove: Процесс не может получить доступ к файлу, так как этот файл занят другим процессом: "D:/Verilog/lb_2/tmp/device/device.sim/sim_1/behav/xsim/simulate.log"
relaunch_sim
suspend_sim: Time (s): cpu = 00:00:01 ; elapsed = 00:00:07 . Memory (MB): peak = 1918.906 ; gain = 0.000
Command: launch_simulation -simset sim_1 -mode post-synthesis -type functional
boost::filesystem::remove: Процесс не может получить доступ к файлу, так как этот файл занят другим процессом: "D:/Verilog/lb_2/tmp/device/device.sim/sim_1/synth/func/xsim/simulate.log"
INFO: [Common 17-17] undo 'relaunch_sim'
INFO: [Common 17-17] undo 'relaunch_sim'
ERROR: [Common 17-69] Command failed: boost::filesystem::remove: Процесс не может получить доступ к файлу, так как этот файл занят другим процессом: "D:/Verilog/lb_2/tmp/device/device.sim/sim_1/synth/func/xsim/simulate.log"
relaunch_sim
Command: launch_simulation -simset sim_1 -mode post-synthesis -type functional
boost::filesystem::remove: Процесс не может получить доступ к файлу, так как этот файл занят другим процессом: "D:/Verilog/lb_2/tmp/device/device.sim/sim_1/synth/func/xsim/simulate.log"
INFO: [Common 17-17] undo 'relaunch_sim'
INFO: [Common 17-17] undo 'relaunch_sim'
ERROR: [Common 17-69] Command failed: boost::filesystem::remove: Процесс не может получить доступ к файлу, так как этот файл занят другим процессом: "D:/Verilog/lb_2/tmp/device/device.sim/sim_1/synth/func/xsim/simulate.log"
launch_simulation
Command: launch_simulation 
boost::filesystem::remove: Процесс не может получить доступ к файлу, так как этот файл занят другим процессом: "D:/Verilog/lb_2/tmp/device/device.sim/sim_1/behav/xsim/simulate.log"
launch_simulation
Command: launch_simulation 
boost::filesystem::remove: Процесс не может получить доступ к файлу, так как этот файл занят другим процессом: "D:/Verilog/lb_2/tmp/device/device.sim/sim_1/behav/xsim/simulate.log"
current_sim simulation_6
close_sim
INFO: [Simtcl 6-16] Simulation closed
close_sim: Time (s): cpu = 00:00:05 ; elapsed = 00:00:09 . Memory (MB): peak = 2105.453 ; gain = 186.547
close_sim
INFO: [Simtcl 6-16] Simulation closed
exit
INFO: [Common 17-206] Exiting Vivado at Thu May  7 16:33:21 2020...
